<?xml version="1.0" encoding="UTF-8"?>
<!-- Generated by org.testng.reporters.JUnitReportReporter -->
<testsuite hostname="DESKTOP-GGE3GBI" failures="0" tests="18" name="tarea9.HeapsortNGTest" time="0.036" errors="0" timestamp="16 Mar 2021 06:19:34 GMT">
  <testcase classname="tarea9.HeapsortNGTest" name="testExtractMax" time="0.002"/>
  <testcase classname="tarea9.HeapsortNGTest" name="testHijoDerechaMedio" time="0.001"/>
  <testcase classname="tarea9.HeapsortNGTest" name="testPadreFinal" time="0.002"/>
  <testcase classname="tarea9.HeapsortNGTest" name="testHijoIzqMedio" time="0.002"/>
  <testcase classname="tarea9.HeapsortNGTest" name="testHeapsortAscendente" time="0.000"/>
  <testcase classname="tarea9.HeapsortNGTest" name="testMaximum" time="0.002"/>
  <testcase classname="tarea9.HeapsortNGTest" name="testHeapsortDescendente" time="0.001"/>
  <testcase classname="tarea9.HeapsortNGTest" name="testHijoDerechaFinal" time="0.001"/>
  <testcase classname="tarea9.HeapsortNGTest" name="testBuildMaxHeap" time="0.005"/>
  <testcase classname="tarea9.HeapsortNGTest" name="testHijoIzqFinal" time="0.001"/>
  <testcase classname="tarea9.HeapsortNGTest" name="testPadreInicio" time="0.006"/>
  <testcase classname="tarea9.HeapsortNGTest" name="testMaxHeapify" time="0.002"/>
  <testcase classname="tarea9.HeapsortNGTest" name="testMaxInsert" time="0.001"/>
  <testcase classname="tarea9.HeapsortNGTest" name="testHijoDerechaInicio" time="0.002"/>
  <testcase classname="tarea9.HeapsortNGTest" name="testHijoIzqInicio" time="0.000"/>
  <testcase classname="tarea9.HeapsortNGTest" name="testMinHeapify" time="0.003"/>
  <testcase classname="tarea9.HeapsortNGTest" name="testBuildMinHeap" time="0.002"/>
  <testcase classname="tarea9.HeapsortNGTest" name="testPadreMedio" time="0.003"/>
</testsuite> <!-- tarea9.HeapsortNGTest -->
