<?xml version="1.0" encoding="UTF-8"?>
<!-- Generated by org.testng.reporters.JUnitReportReporter -->
<testsuite hostname="Nicol-Lenovo" failures="0" tests="16" name="esttarea4.Esttarea4NGTest" time="0.111" errors="0" timestamp="3 Feb 2021 01:30:12 GMT">
  <testcase classname="esttarea4.Esttarea4NGTest" name="testSelectionSortOrden" time="0.005"/>
  <testcase classname="esttarea4.Esttarea4NGTest" name="testInsertionSortDesordenTotal" time="0.062"/>
  <testcase classname="esttarea4.Esttarea4NGTest" name="testInsertionSortOrden" time="0.002"/>
  <testcase classname="esttarea4.Esttarea4NGTest" name="testSelectionSortDesorden" time="0.003"/>
  <testcase classname="esttarea4.Esttarea4NGTest" name="testSelectionSortMuchos" time="0.001"/>
  <testcase classname="esttarea4.Esttarea4NGTest" name="testBSmuchosElementos" time="0.001"/>
  <testcase classname="esttarea4.Esttarea4NGTest" name="testSelectionSortDesordenTotal" time="0.003"/>
  <testcase classname="esttarea4.Esttarea4NGTest" name="testSelectionSortUnoDesorden" time="0.001"/>
  <testcase classname="esttarea4.Esttarea4NGTest" name="testInsertionSortMuchos" time="0.004"/>
  <testcase classname="esttarea4.Esttarea4NGTest" name="testInsertionSortUnico" time="0.004"/>
  <testcase classname="esttarea4.Esttarea4NGTest" name="testInsertionSortUnoDesorden" time="0.010"/>
  <testcase classname="esttarea4.Esttarea4NGTest" name="testBSDEsorden" time="0.007"/>
  <testcase classname="esttarea4.Esttarea4NGTest" name="testBSorden" time="0.002"/>
  <testcase classname="esttarea4.Esttarea4NGTest" name="testBSunico" time="0.001"/>
  <testcase classname="esttarea4.Esttarea4NGTest" name="testBSunElementodesorden" time="0.002"/>
  <testcase classname="esttarea4.Esttarea4NGTest" name="testSelectionSortUnico" time="0.003"/>
</testsuite> <!-- esttarea4.Esttarea4NGTest -->
