<?xml version="1.0" encoding="UTF-8"?>
<!-- Generated by org.testng.reporters.JUnitReportReporter -->
<testsuite hostname="DESKTOP-GGE3GBI" failures="0" tests="8" name="tarea8.BinarySearchNGTest" time="0.014" errors="0" timestamp="25 Feb 2021 04:05:31 GMT">
  <testcase classname="tarea8.BinarySearchNGTest" name="testBinarySearchMedioPar" time="0.001"/>
  <testcase classname="tarea8.BinarySearchNGTest" name="testBinarySearchNoEsta" time="0.001"/>
  <testcase classname="tarea8.BinarySearchNGTest" name="testBinarySearchUnicoT" time="0.001"/>
  <testcase classname="tarea8.BinarySearchNGTest" name="testBinarySearchParF" time="0.001"/>
  <testcase classname="tarea8.BinarySearchNGTest" name="testBinarySearchMedio" time="0.006"/>
  <testcase classname="tarea8.BinarySearchNGTest" name="testBinarySearchParT" time="0.001"/>
  <testcase classname="tarea8.BinarySearchNGTest" name="testInicio" time="0.003"/>
  <testcase classname="tarea8.BinarySearchNGTest" name="testBinarySearchUnicoF" time="0.000"/>
</testsuite> <!-- tarea8.BinarySearchNGTest -->
