<?xml version="1.0" encoding="UTF-8"?>
<!-- Generated by org.testng.reporters.JUnitReportReporter -->
<testsuite hostname="DESKTOP-GGE3GBI" failures="0" tests="6" name="tarea13.Tarea13NGTest" time="0.040" errors="0" timestamp="8 Apr 2021 02:09:43 GMT">
  <testcase classname="tarea13.Tarea13NGTest" name="testConstruir_parentesisIgual" time="0.000"/>
  <testcase classname="tarea13.Tarea13NGTest" name="testConstruir_todos" time="0.000"/>
  <testcase classname="tarea13.Tarea13NGTest" name="testConstruir_todosParent" time="0.000"/>
  <testcase classname="tarea13.Tarea13NGTest" name="testConstruir_" time="0.005"/>
  <testcase classname="tarea13.Tarea13NGTest" name="testConstruir_parentesis" time="0.035"/>
  <testcase classname="tarea13.Tarea13NGTest" name="testConstruir_simple" time="0.000"/>
</testsuite> <!-- tarea13.Tarea13NGTest -->
