<?xml version="1.0" encoding="UTF-8"?>
<!-- Generated by org.testng.reporters.JUnitReportReporter -->
<testsuite hostname="DESKTOP-GGE3GBI" failures="0" tests="12" name="tarea10.ColaPrioridadNGTest" time="0.049" errors="0" timestamp="16 Mar 2021 00:46:41 GMT">
  <testcase classname="tarea10.ColaPrioridadNGTest" name="testInsert" time="0.002"/>
  <testcase classname="tarea10.ColaPrioridadNGTest" name="testHijoIzqMedio" time="0.002"/>
  <testcase classname="tarea10.ColaPrioridadNGTest" name="testPadreMedio" time="0.003"/>
  <testcase classname="tarea10.ColaPrioridadNGTest" name="testHijoIzqFinal" time="0.001"/>
  <testcase classname="tarea10.ColaPrioridadNGTest" name="testMaximum" time="0.003"/>
  <testcase classname="tarea10.ColaPrioridadNGTest" name="testPadreInicio" time="0.001"/>
  <testcase classname="tarea10.ColaPrioridadNGTest" name="testHijoIzqInicio" time="0.003"/>
  <testcase classname="tarea10.ColaPrioridadNGTest" name="testPadreInicioFinal" time="0.001"/>
  <testcase classname="tarea10.ColaPrioridadNGTest" name="testHijoDerechaInicio" time="0.001"/>
  <testcase classname="tarea10.ColaPrioridadNGTest" name="testExtractMax" time="0.032"/>
  <testcase classname="tarea10.ColaPrioridadNGTest" name="testHijoDerechaMedio" time="0.000"/>
  <testcase classname="tarea10.ColaPrioridadNGTest" name="testHijoDerechaFinal" time="0.000"/>
</testsuite> <!-- tarea10.ColaPrioridadNGTest -->
